# JRE version: OpenJDK Runtime Environment (8.0_212-b04) (build 1.8.0_212-release-1586-b04)
# Java VM: OpenJDK 64-Bit Server VM (25.212-b04 mixed mode windows-amd64 compressed oops)
Heap:
 PSYoungGen      total 428032K, used 356816K [0x00000000e0000000, 0x0000000100000000, 0x0000000100000000)
  eden space 338944K, 100% used [0x00000000e0000000,0x00000000f4b00000,0x00000000f4b00000)
  from space 89088K, 20% used [0x00000000f9f00000,0x00000000fb0741c8,0x00000000ff600000)
  to   space 86016K, 25% used [0x00000000f4b00000,0x00000000f6063ce0,0x00000000f9f00000)
 ParOldGen       total 220160K, used 168002K [0x00000000a0000000, 0x00000000ad700000, 0x00000000e0000000)
  object space 220160K, 76% used [0x00000000a0000000,0x00000000aa410a68,0x00000000ad700000)
 Metaspace       used 95030K, capacity 99978K, committed 100248K, reserved 1136640K
  class space    used 11889K, capacity 12880K, committed 12968K, reserved 1048576K
GC Heap History (10 events):
Event: 2280.163 GC heap before
{Heap before GC invocations=38 (full 4):
 PSYoungGen      total 389120K, used 380614K [0x00000000e0000000, 0x00000000ffd80000, 0x0000000100000000)
  eden space 312320K, 100% used [0x00000000e0000000,0x00000000f3100000,0x00000000f3100000)
  from space 76800K, 88% used [0x00000000f3100000,0x00000000f73b1a10,0x00000000f7c00000)
  to   space 87040K, 0% used [0x00000000fa880000,0x00000000fa880000,0x00000000ffd80000)
 ParOldGen       total 220160K, used 167962K [0x00000000a0000000, 0x00000000ad700000, 0x00000000e0000000)
  object space 220160K, 76% used [0x00000000a0000000,0x00000000aa406a68,0x00000000ad700000)
 Metaspace       used 90135K, capacity 94626K, committed 94744K, reserved 1132544K
  class space    used 11422K, capacity 12308K, committed 12328K, reserved 1048576K
Event: 2280.198 GC heap after
Heap after GC invocations=38 (full 4):
 PSYoungGen      total 417280K, used 19562K [0x00000000e0000000, 0x00000000ff180000, 0x0000000100000000)
  eden space 342528K, 0% used [0x00000000e0000000,0x00000000e0000000,0x00000000f4e80000)
  from space 74752K, 26% used [0x00000000fa880000,0x00000000fbb9aac8,0x00000000ff180000)
  to   space 83456K, 0% used [0x00000000f4e80000,0x00000000f4e80000,0x00000000fa000000)
 ParOldGen       total 220160K, used 167970K [0x00000000a0000000, 0x00000000ad700000, 0x00000000e0000000)
  object space 220160K, 76% used [0x00000000a0000000,0x00000000aa408a68,0x00000000ad700000)
 Metaspace       used 90135K, capacity 94626K, committed 94744K, reserved 1132544K
  class space    used 11422K, capacity 12308K, committed 12328K, reserved 1048576K
}
Event: 2289.691 GC heap before
{Heap before GC invocations=39 (full 4):
 PSYoungGen      total 417280K, used 362090K [0x00000000e0000000, 0x00000000ff180000, 0x0000000100000000)
  eden space 342528K, 100% used [0x00000000e0000000,0x00000000f4e80000,0x00000000f4e80000)
  from space 74752K, 26% used [0x00000000fa880000,0x00000000fbb9aac8,0x00000000ff180000)
  to   space 83456K, 0% used [0x00000000f4e80000,0x00000000f4e80000,0x00000000fa000000)
 ParOldGen       total 220160K, used 167970K [0x00000000a0000000, 0x00000000ad700000, 0x00000000e0000000)
  object space 220160K, 76% used [0x00000000a0000000,0x00000000aa408a68,0x00000000ad700000)
 Metaspace       used 90285K, capacity 94854K, committed 95128K, reserved 1132544K
  class space    used 11441K, capacity 12344K, committed 12456K, reserved 1048576K
Event: 2289.841 GC heap after
Heap after GC invocations=39 (full 4):
 PSYoungGen      total 425984K, used 78647K [0x00000000e0000000, 0x0000000100000000, 0x0000000100000000)
  eden space 342528K, 0% used [0x00000000e0000000,0x00000000e0000000,0x00000000f4e80000)
  from space 83456K, 94% used [0x00000000f4e80000,0x00000000f9b4dc28,0x00000000fa000000)
  to   space 96256K, 0% used [0x00000000fa200000,0x00000000fa200000,0x0000000100000000)
 ParOldGen       total 220160K, used 167978K [0x00000000a0000000, 0x00000000ad700000, 0x00000000e0000000)
  object space 220160K, 76% used [0x00000000a0000000,0x00000000aa40aa68,0x00000000ad700000)
 Metaspace       used 90285K, capacity 94854K, committed 95128K, reserved 1132544K
  class space    used 11441K, capacity 12344K, committed 12456K, reserved 1048576K
}
Event: 6460.491 GC heap before
{Heap before GC invocations=40 (full 4):
 PSYoungGen      total 425984K, used 421175K [0x00000000e0000000, 0x0000000100000000, 0x0000000100000000)
  eden space 342528K, 100% used [0x00000000e0000000,0x00000000f4e80000,0x00000000f4e80000)
  from space 83456K, 94% used [0x00000000f4e80000,0x00000000f9b4dc28,0x00000000fa000000)
  to   space 96256K, 0% used [0x00000000fa200000,0x00000000fa200000,0x0000000100000000)
 ParOldGen       total 220160K, used 167978K [0x00000000a0000000, 0x00000000ad700000, 0x00000000e0000000)
  object space 220160K, 76% used [0x00000000a0000000,0x00000000aa40aa68,0x00000000ad700000)
 Metaspace       used 91443K, capacity 96254K, committed 96536K, reserved 1132544K
  class space    used 11535K, capacity 12470K, committed 12584K, reserved 1048576K
Event: 6461.014 GC heap after
Heap after GC invocations=40 (full 4):
 PSYoungGen      total 432128K, used 24784K [0x00000000e0000000, 0x0000000100000000, 0x0000000100000000)
  eden space 335872K, 0% used [0x00000000e0000000,0x00000000e0000000,0x00000000f4800000)
  from space 96256K, 25% used [0x00000000fa200000,0x00000000fba343a8,0x0000000100000000)
  to   space 92160K, 0% used [0x00000000f4800000,0x00000000f4800000,0x00000000fa200000)
 ParOldGen       total 220160K, used 167986K [0x00000000a0000000, 0x00000000ad700000, 0x00000000e0000000)
  object space 220160K, 76% used [0x00000000a0000000,0x00000000aa40ca68,0x00000000ad700000)
 Metaspace       used 91443K, capacity 96254K, committed 96536K, reserved 1132544K
  class space    used 11535K, capacity 12470K, committed 12584K, reserved 1048576K
}
Event: 6494.216 GC heap before
{Heap before GC invocations=41 (full 4):
 PSYoungGen      total 432128K, used 360656K [0x00000000e0000000, 0x0000000100000000, 0x0000000100000000)
  eden space 335872K, 100% used [0x00000000e0000000,0x00000000f4800000,0x00000000f4800000)
  from space 96256K, 25% used [0x00000000fa200000,0x00000000fba343a8,0x0000000100000000)
  to   space 92160K, 0% used [0x00000000f4800000,0x00000000f4800000,0x00000000fa200000)
 ParOldGen       total 220160K, used 167986K [0x00000000a0000000, 0x00000000ad700000, 0x00000000e0000000)
  object space 220160K, 76% used [0x00000000a0000000,0x00000000aa40ca68,0x00000000ad700000)
 Metaspace       used 94654K, capacity 99536K, committed 99608K, reserved 1136640K
  class space    used 11865K, capacity 12833K, committed 12840K, reserved 1048576K
Event: 6494.298 GC heap after
Heap after GC invocations=41 (full 4):
 PSYoungGen      total 353280K, used 17186K [0x00000000e0000000, 0x00000000ff600000, 0x0000000100000000)
  eden space 335872K, 0% used [0x00000000e0000000,0x00000000e0000000,0x00000000f4800000)
  from space 17408K, 98% used [0x00000000f4800000,0x00000000f58c8be8,0x00000000f5900000)
  to   space 89088K, 0% used [0x00000000f9f00000,0x00000000f9f00000,0x00000000ff600000)
 ParOldGen       total 220160K, used 167994K [0x00000000a0000000, 0x00000000ad700000, 0x00000000e0000000)
  object space 220160K, 76% used [0x00000000a0000000,0x00000000aa40ea68,0x00000000ad700000)
 Metaspace       used 94654K, capacity 99536K, committed 99608K, reserved 1136640K
  class space    used 11865K, capacity 12833K, committed 12840K, reserved 1048576K
}
Event: 6498.765 GC heap before
{Heap before GC invocations=42 (full 4):
 PSYoungGen      total 353280K, used 353058K [0x00000000e0000000, 0x00000000ff600000, 0x0000000100000000)
  eden space 335872K, 100% used [0x00000000e0000000,0x00000000f4800000,0x00000000f4800000)
  from space 17408K, 98% used [0x00000000f4800000,0x00000000f58c8be8,0x00000000f5900000)
  to   space 89088K, 0% used [0x00000000f9f00000,0x00000000f9f00000,0x00000000ff600000)
 ParOldGen       total 220160K, used 167994K [0x00000000a0000000, 0x00000000ad700000, 0x00000000e0000000)
  object space 220160K, 76% used [0x00000000a0000000,0x00000000aa40ea68,0x00000000ad700000)
 Metaspace       used 94887K, capacity 99796K, committed 99992K, reserved 1136640K
  class space    used 11874K, capacity 12845K, committed 12968K, reserved 1048576K
Event: 6498.816 GC heap after
Heap after GC invocations=42 (full 4):
 PSYoungGen      total 428032K, used 17872K [0x00000000e0000000, 0x0000000100000000, 0x0000000100000000)
  eden space 338944K, 0% used [0x00000000e0000000,0x00000000e0000000,0x00000000f4b00000)
  from space 89088K, 20% used [0x00000000f9f00000,0x00000000fb0741c8,0x00000000ff600000)
  to   space 86016K, 0% used [0x00000000f4b00000,0x00000000f4b00000,0x00000000f9f00000)
 ParOldGen       total 220160K, used 168002K [0x00000000a0000000, 0x00000000ad700000, 0x00000000e0000000)
  object space 220160K, 76% used [0x00000000a0000000,0x00000000aa410a68,0x00000000ad700000)
 Metaspace       used 94887K, capacity 99796K, committed 99992K, reserved 1136640K
  class space    used 11874K, capacity 12845K, committed 12968K, reserved 1048576K
}

